<?xml version="1.0" encoding="UTF-8"?>
<!-- Generated by org.testng.reporters.JUnitReportReporter -->
<testsuite hostname="AUS1S-MKALRA" failures="0" tests="1" name="DD.HomePage" time="8.183" errors="0" timestamp="2021-02-02T15:55:03 CST" skipped="0">
  <testcase classname="DD.HomePage" name="basePageNavigation" time="8.183"/>
  <system-out/>
</testsuite> <!-- DD.HomePage -->
