<?xml version="1.0" encoding="UTF-8"?>
<!-- Generated by org.testng.reporters.JUnitReportReporter -->
<testsuite skipped="0" hostname="AUS1S-MKALRA" name="DD.validateNavigationAB" tests="1" failures="0" timestamp="29 Jan 2021 07:24:05 GMT" time="5.582" errors="0">
  <testcase name="basePageNavigation" time="5.582" classname="DD.validateNavigationAB"/>
</testsuite> <!-- DD.validateNavigationAB -->
