<?xml version="1.0" encoding="UTF-8"?>
<!-- Generated by org.testng.reporters.JUnitReportReporter -->
<testsuite skipped="0" hostname="AUS1S-MKALRA" name="DD.HomePage" tests="1" failures="0" timestamp="29 Jan 2021 07:24:06 GMT" time="4.954" errors="0">
  <testcase name="basePageNavigation" time="4.954" classname="DD.HomePage"/>
</testsuite> <!-- DD.HomePage -->
